<?xml version="1.0" encoding="UTF-8"?>
<testsuite name="hermes.configservice.ConfigServiceApplicationTests" tests="1" skipped="0" failures="0" errors="0" timestamp="2022-11-02T05:11:08" hostname="DESKTOP-KVCQHCD" time="0.37">
  <properties/>
  <testcase name="contextLoads()" classname="hermes.configservice.ConfigServiceApplicationTests" time="0.37"/>
  <system-out><![CDATA[14:11:04.971 [Test worker] DEBUG org.springframework.test.context.BootstrapUtils - Instantiating CacheAwareContextLoaderDelegate from class [org.springframework.test.context.cache.DefaultCacheAwareContextLoaderDelegate]
14:11:04.983 [Test worker] DEBUG org.springframework.test.context.BootstrapUtils - Instantiating BootstrapContext using constructor [public org.springframework.test.context.support.DefaultBootstrapContext(java.lang.Class,org.springframework.test.context.CacheAwareContextLoaderDelegate)]
14:11:05.014 [Test worker] DEBUG org.springframework.test.context.BootstrapUtils - Instantiating TestContextBootstrapper for test class [hermes.configservice.ConfigServiceApplicationTests] from class [org.springframework.boot.test.context.SpringBootTestContextBootstrapper]
14:11:05.024 [Test worker] INFO org.springframework.boot.test.context.SpringBootTestContextBootstrapper - Neither @ContextConfiguration nor @ContextHierarchy found for test class [hermes.configservice.ConfigServiceApplicationTests], using SpringBootContextLoader
14:11:05.028 [Test worker] DEBUG org.springframework.test.context.support.AbstractContextLoader - Did not detect default resource location for test class [hermes.configservice.ConfigServiceApplicationTests]: class path resource [hermes/configservice/ConfigServiceApplicationTests-context.xml] does not exist
14:11:05.029 [Test worker] DEBUG org.springframework.test.context.support.AbstractContextLoader - Did not detect default resource location for test class [hermes.configservice.ConfigServiceApplicationTests]: class path resource [hermes/configservice/ConfigServiceApplicationTestsContext.groovy] does not exist
14:11:05.029 [Test worker] INFO org.springframework.test.context.support.AbstractContextLoader - Could not detect default resource locations for test class [hermes.configservice.ConfigServiceApplicationTests]: no resource found for suffixes {-context.xml, Context.groovy}.
14:11:05.030 [Test worker] INFO org.springframework.test.context.support.AnnotationConfigContextLoaderUtils - Could not detect default configuration classes for test class [hermes.configservice.ConfigServiceApplicationTests]: ConfigServiceApplicationTests does not declare any static, non-private, non-final, nested classes annotated with @Configuration.
14:11:05.066 [Test worker] DEBUG org.springframework.test.context.support.ActiveProfilesUtils - Could not find an 'annotation declaring class' for annotation type [org.springframework.test.context.ActiveProfiles] and class [hermes.configservice.ConfigServiceApplicationTests]
14:11:05.118 [Test worker] DEBUG org.springframework.context.annotation.ClassPathScanningCandidateComponentProvider - Identified candidate component class: file [C:\Users\multicampus\Desktop\Lyra\S07P31C105\Backend\config-service\build\classes\java\main\hermes\configservice\ConfigServiceApplication.class]
14:11:05.119 [Test worker] INFO org.springframework.boot.test.context.SpringBootTestContextBootstrapper - Found @SpringBootConfiguration hermes.configservice.ConfigServiceApplication for test class hermes.configservice.ConfigServiceApplicationTests
14:11:05.207 [Test worker] DEBUG org.springframework.boot.test.context.SpringBootTestContextBootstrapper - @TestExecutionListeners is not present for class [hermes.configservice.ConfigServiceApplicationTests]: using defaults.
14:11:05.208 [Test worker] INFO org.springframework.boot.test.context.SpringBootTestContextBootstrapper - Loaded default TestExecutionListener class names from location [META-INF/spring.factories]: [org.springframework.boot.test.autoconfigure.restdocs.RestDocsTestExecutionListener, org.springframework.boot.test.autoconfigure.web.client.MockRestServiceServerResetTestExecutionListener, org.springframework.boot.test.autoconfigure.web.servlet.MockMvcPrintOnlyOnFailureTestExecutionListener, org.springframework.boot.test.autoconfigure.web.servlet.WebDriverTestExecutionListener, org.springframework.boot.test.autoconfigure.webservices.client.MockWebServiceServerTestExecutionListener, org.springframework.boot.test.mock.mockito.MockitoTestExecutionListener, org.springframework.boot.test.mock.mockito.ResetMocksTestExecutionListener, org.springframework.test.context.web.ServletTestExecutionListener, org.springframework.test.context.support.DirtiesContextBeforeModesTestExecutionListener, org.springframework.test.context.event.ApplicationEventsTestExecutionListener, org.springframework.test.context.support.DependencyInjectionTestExecutionListener, org.springframework.test.context.support.DirtiesContextTestExecutionListener, org.springframework.test.context.transaction.TransactionalTestExecutionListener, org.springframework.test.context.jdbc.SqlScriptsTestExecutionListener, org.springframework.test.context.event.EventPublishingTestExecutionListener]
14:11:05.219 [Test worker] DEBUG org.springframework.boot.test.context.SpringBootTestContextBootstrapper - Skipping candidate TestExecutionListener [org.springframework.test.context.transaction.TransactionalTestExecutionListener] due to a missing dependency. Specify custom listener classes or make the default listener classes and their required dependencies available. Offending class: [org/springframework/transaction/interceptor/TransactionAttributeSource]
14:11:05.220 [Test worker] DEBUG org.springframework.boot.test.context.SpringBootTestContextBootstrapper - Skipping candidate TestExecutionListener [org.springframework.test.context.jdbc.SqlScriptsTestExecutionListener] due to a missing dependency. Specify custom listener classes or make the default listener classes and their required dependencies available. Offending class: [org/springframework/transaction/interceptor/TransactionAttribute]
14:11:05.221 [Test worker] INFO org.springframework.boot.test.context.SpringBootTestContextBootstrapper - Using TestExecutionListeners: [org.springframework.test.context.web.ServletTestExecutionListener@ec2bf82, org.springframework.test.context.support.DirtiesContextBeforeModesTestExecutionListener@cc62a3b, org.springframework.test.context.event.ApplicationEventsTestExecutionListener@6cc0bcf6, org.springframework.boot.test.mock.mockito.MockitoTestExecutionListener@29539e36, org.springframework.boot.test.autoconfigure.SpringBootDependencyInjectionTestExecutionListener@32f61a31, org.springframework.test.context.support.DirtiesContextTestExecutionListener@f5c79a6, org.springframework.test.context.event.EventPublishingTestExecutionListener@669253b7, org.springframework.boot.test.autoconfigure.restdocs.RestDocsTestExecutionListener@5305c37d, org.springframework.boot.test.autoconfigure.web.client.MockRestServiceServerResetTestExecutionListener@51a06cbe, org.springframework.boot.test.autoconfigure.web.servlet.MockMvcPrintOnlyOnFailureTestExecutionListener@3dddbe65, org.springframework.boot.test.autoconfigure.web.servlet.WebDriverTestExecutionListener@49a64d82, org.springframework.boot.test.autoconfigure.webservices.client.MockWebServiceServerTestExecutionListener@344561e0, org.springframework.boot.test.mock.mockito.ResetMocksTestExecutionListener@66d23e4a]
14:11:05.225 [Test worker] DEBUG org.springframework.test.context.support.AbstractDirtiesContextTestExecutionListener - Before test class: context [DefaultTestContext@581d969c testClass = ConfigServiceApplicationTests, testInstance = [null], testMethod = [null], testException = [null], mergedContextConfiguration = [WebMergedContextConfiguration@22db8f4 testClass = ConfigServiceApplicationTests, locations = '{}', classes = '{class hermes.configservice.ConfigServiceApplication}', contextInitializerClasses = '[]', activeProfiles = '{}', propertySourceLocations = '{}', propertySourceProperties = '{org.springframework.boot.test.context.SpringBootTestContextBootstrapper=true}', contextCustomizers = set[org.springframework.boot.test.autoconfigure.actuate.metrics.MetricsExportContextCustomizerFactory$DisableMetricExportContextCustomizer@3f792b9b, org.springframework.boot.test.autoconfigure.properties.PropertyMappingContextCustomizer@0, org.springframework.boot.test.autoconfigure.web.servlet.WebDriverContextCustomizerFactory$Customizer@26425897, org.springframework.boot.test.context.filter.ExcludeFilterContextCustomizer@20a8a64e, org.springframework.boot.test.json.DuplicateJsonObjectContextCustomizerFactory$DuplicateJsonObjectContextCustomizer@65b3a85a, org.springframework.boot.test.mock.mockito.MockitoContextCustomizer@0, org.springframework.boot.test.web.client.TestRestTemplateContextCustomizer@15cafec7, org.springframework.boot.test.context.SpringBootTestArgs@1, org.springframework.boot.test.context.SpringBootTestWebEnvironment@77659b30], resourceBasePath = 'src/main/webapp', contextLoader = 'org.springframework.boot.test.context.SpringBootContextLoader', parent = [null]], attributes = map['org.springframework.test.context.web.ServletTestExecutionListener.activateListener' -> true]], class annotated with @DirtiesContext [false] with mode [null].

  .   ____          _            __ _ _
 /\\ / ___'_ __ _ _(_)_ __  __ _ \ \ \ \
( ( )\___ | '_ | '_| | '_ \/ _` | \ \ \ \
 \\/  ___)| |_)| | | | | || (_| |  ) ) ) )
  '  |____| .__|_| |_|_| |_\__, | / / / /
 =========|_|==============|___/=/_/_/_/
 :: Spring Boot ::                (v2.7.5)

2022-11-02 14:11:05.972  INFO 19164 --- [    Test worker] h.c.ConfigServiceApplicationTests        : Starting ConfigServiceApplicationTests using Java 11.0.15 on DESKTOP-KVCQHCD with PID 19164 (started by multicampus in C:\Users\multicampus\Desktop\Lyra\S07P31C105\Backend\config-service)
2022-11-02 14:11:05.973  INFO 19164 --- [    Test worker] h.c.ConfigServiceApplicationTests        : No active profile set, falling back to 1 default profile: "default"
2022-11-02 14:11:06.847  INFO 19164 --- [    Test worker] o.s.cloud.context.scope.GenericScope     : BeanFactory id=8db9fdb7-59d9-36a5-86ec-6280748c54da
2022-11-02 14:11:08.667  INFO 19164 --- [    Test worker] h.c.ConfigServiceApplicationTests        : Started ConfigServiceApplicationTests in 3.397 seconds (JVM running for 4.758)
]]></system-out>
  <system-err><![CDATA[]]></system-err>
</testsuite>
