<?xml version="1.0" encoding="UTF-8"?>
<testsuite name="hermes.api_gateway_service.ApiGatewayServiceApplicationTests" tests="1" skipped="0" failures="0" errors="0" timestamp="2022-11-02T05:38:21" hostname="DESKTOP-KVCQHCD" time="0.356">
  <properties/>
  <testcase name="contextLoads()" classname="hermes.api_gateway_service.ApiGatewayServiceApplicationTests" time="0.356"/>
  <system-out><![CDATA[14:38:13.167 [Test worker] DEBUG org.springframework.test.context.BootstrapUtils - Instantiating CacheAwareContextLoaderDelegate from class [org.springframework.test.context.cache.DefaultCacheAwareContextLoaderDelegate]
14:38:13.177 [Test worker] DEBUG org.springframework.test.context.BootstrapUtils - Instantiating BootstrapContext using constructor [public org.springframework.test.context.support.DefaultBootstrapContext(java.lang.Class,org.springframework.test.context.CacheAwareContextLoaderDelegate)]
14:38:13.205 [Test worker] DEBUG org.springframework.test.context.BootstrapUtils - Instantiating TestContextBootstrapper for test class [hermes.api_gateway_service.ApiGatewayServiceApplicationTests] from class [org.springframework.boot.test.context.SpringBootTestContextBootstrapper]
14:38:13.214 [Test worker] INFO org.springframework.boot.test.context.SpringBootTestContextBootstrapper - Neither @ContextConfiguration nor @ContextHierarchy found for test class [hermes.api_gateway_service.ApiGatewayServiceApplicationTests], using SpringBootContextLoader
14:38:13.217 [Test worker] DEBUG org.springframework.test.context.support.AbstractContextLoader - Did not detect default resource location for test class [hermes.api_gateway_service.ApiGatewayServiceApplicationTests]: class path resource [hermes/api_gateway_service/ApiGatewayServiceApplicationTests-context.xml] does not exist
14:38:13.218 [Test worker] DEBUG org.springframework.test.context.support.AbstractContextLoader - Did not detect default resource location for test class [hermes.api_gateway_service.ApiGatewayServiceApplicationTests]: class path resource [hermes/api_gateway_service/ApiGatewayServiceApplicationTestsContext.groovy] does not exist
14:38:13.218 [Test worker] INFO org.springframework.test.context.support.AbstractContextLoader - Could not detect default resource locations for test class [hermes.api_gateway_service.ApiGatewayServiceApplicationTests]: no resource found for suffixes {-context.xml, Context.groovy}.
14:38:13.219 [Test worker] INFO org.springframework.test.context.support.AnnotationConfigContextLoaderUtils - Could not detect default configuration classes for test class [hermes.api_gateway_service.ApiGatewayServiceApplicationTests]: ApiGatewayServiceApplicationTests does not declare any static, non-private, non-final, nested classes annotated with @Configuration.
14:38:13.259 [Test worker] DEBUG org.springframework.test.context.support.ActiveProfilesUtils - Could not find an 'annotation declaring class' for annotation type [org.springframework.test.context.ActiveProfiles] and class [hermes.api_gateway_service.ApiGatewayServiceApplicationTests]
14:38:13.311 [Test worker] DEBUG org.springframework.context.annotation.ClassPathScanningCandidateComponentProvider - Identified candidate component class: file [C:\Users\multicampus\Desktop\Lyra\S07P31C105\Backend\api_gateway_service\build\classes\java\main\hermes\api_gateway_service\ApiGatewayServiceApplication.class]
14:38:13.312 [Test worker] INFO org.springframework.boot.test.context.SpringBootTestContextBootstrapper - Found @SpringBootConfiguration hermes.api_gateway_service.ApiGatewayServiceApplication for test class hermes.api_gateway_service.ApiGatewayServiceApplicationTests
14:38:13.432 [Test worker] DEBUG org.springframework.boot.test.context.SpringBootTestContextBootstrapper - @TestExecutionListeners is not present for class [hermes.api_gateway_service.ApiGatewayServiceApplicationTests]: using defaults.
14:38:13.432 [Test worker] INFO org.springframework.boot.test.context.SpringBootTestContextBootstrapper - Loaded default TestExecutionListener class names from location [META-INF/spring.factories]: [org.springframework.boot.test.autoconfigure.restdocs.RestDocsTestExecutionListener, org.springframework.boot.test.autoconfigure.web.client.MockRestServiceServerResetTestExecutionListener, org.springframework.boot.test.autoconfigure.web.servlet.MockMvcPrintOnlyOnFailureTestExecutionListener, org.springframework.boot.test.autoconfigure.web.servlet.WebDriverTestExecutionListener, org.springframework.boot.test.autoconfigure.webservices.client.MockWebServiceServerTestExecutionListener, org.springframework.boot.test.mock.mockito.MockitoTestExecutionListener, org.springframework.boot.test.mock.mockito.ResetMocksTestExecutionListener, org.springframework.test.context.web.ServletTestExecutionListener, org.springframework.test.context.support.DirtiesContextBeforeModesTestExecutionListener, org.springframework.test.context.event.ApplicationEventsTestExecutionListener, org.springframework.test.context.support.DependencyInjectionTestExecutionListener, org.springframework.test.context.support.DirtiesContextTestExecutionListener, org.springframework.test.context.transaction.TransactionalTestExecutionListener, org.springframework.test.context.jdbc.SqlScriptsTestExecutionListener, org.springframework.test.context.event.EventPublishingTestExecutionListener]
14:38:13.440 [Test worker] DEBUG org.springframework.boot.test.context.SpringBootTestContextBootstrapper - Skipping candidate TestExecutionListener [org.springframework.test.context.web.ServletTestExecutionListener] due to a missing dependency. Specify custom listener classes or make the default listener classes and their required dependencies available. Offending class: [javax/servlet/ServletContext]
14:38:13.441 [Test worker] DEBUG org.springframework.boot.test.context.SpringBootTestContextBootstrapper - Skipping candidate TestExecutionListener [org.springframework.test.context.transaction.TransactionalTestExecutionListener] due to a missing dependency. Specify custom listener classes or make the default listener classes and their required dependencies available. Offending class: [org/springframework/transaction/interceptor/TransactionAttributeSource]
14:38:13.441 [Test worker] DEBUG org.springframework.boot.test.context.SpringBootTestContextBootstrapper - Skipping candidate TestExecutionListener [org.springframework.test.context.jdbc.SqlScriptsTestExecutionListener] due to a missing dependency. Specify custom listener classes or make the default listener classes and their required dependencies available. Offending class: [org/springframework/transaction/interceptor/TransactionAttribute]
14:38:13.442 [Test worker] INFO org.springframework.boot.test.context.SpringBootTestContextBootstrapper - Using TestExecutionListeners: [org.springframework.test.context.support.DirtiesContextBeforeModesTestExecutionListener@5bb3d42d, org.springframework.test.context.event.ApplicationEventsTestExecutionListener@5bf61e67, org.springframework.boot.test.mock.mockito.MockitoTestExecutionListener@2c1dc8e, org.springframework.boot.test.autoconfigure.SpringBootDependencyInjectionTestExecutionListener@b273a59, org.springframework.test.context.support.DirtiesContextTestExecutionListener@4e7095ac, org.springframework.test.context.event.EventPublishingTestExecutionListener@251ebf23, org.springframework.boot.test.autoconfigure.restdocs.RestDocsTestExecutionListener@29b732a2, org.springframework.boot.test.autoconfigure.web.client.MockRestServiceServerResetTestExecutionListener@1b70203f, org.springframework.boot.test.autoconfigure.web.servlet.MockMvcPrintOnlyOnFailureTestExecutionListener@51671b08, org.springframework.boot.test.autoconfigure.web.servlet.WebDriverTestExecutionListener@15051a0, org.springframework.boot.test.autoconfigure.webservices.client.MockWebServiceServerTestExecutionListener@1162410a, org.springframework.boot.test.mock.mockito.ResetMocksTestExecutionListener@b09fac1]
14:38:13.445 [Test worker] DEBUG org.springframework.test.context.support.AbstractDirtiesContextTestExecutionListener - Before test class: context [DefaultTestContext@63034ed1 testClass = ApiGatewayServiceApplicationTests, testInstance = [null], testMethod = [null], testException = [null], mergedContextConfiguration = [ReactiveWebMergedContextConfiguration@232024b9 testClass = ApiGatewayServiceApplicationTests, locations = '{}', classes = '{class hermes.api_gateway_service.ApiGatewayServiceApplication}', contextInitializerClasses = '[]', activeProfiles = '{}', propertySourceLocations = '{}', propertySourceProperties = '{org.springframework.boot.test.context.SpringBootTestContextBootstrapper=true}', contextCustomizers = set[org.springframework.boot.test.autoconfigure.actuate.metrics.MetricsExportContextCustomizerFactory$DisableMetricExportContextCustomizer@3b220bcb, org.springframework.boot.test.autoconfigure.properties.PropertyMappingContextCustomizer@0, org.springframework.boot.test.autoconfigure.web.servlet.WebDriverContextCustomizerFactory$Customizer@1b065145, org.springframework.boot.test.context.filter.ExcludeFilterContextCustomizer@5827af16, org.springframework.boot.test.json.DuplicateJsonObjectContextCustomizerFactory$DuplicateJsonObjectContextCustomizer@f79a760, org.springframework.boot.test.mock.mockito.MockitoContextCustomizer@0, org.springframework.boot.test.web.client.TestRestTemplateContextCustomizer@546ccad7, org.springframework.boot.test.web.reactive.server.WebTestClientContextCustomizer@c260bdc, org.springframework.boot.test.context.SpringBootTestArgs@1, org.springframework.boot.test.context.SpringBootTestWebEnvironment@12299890], contextLoader = 'org.springframework.boot.test.context.SpringBootContextLoader', parent = [null]], attributes = map[[empty]]], class annotated with @DirtiesContext [false] with mode [null].
14:38:13.454 [Test worker] DEBUG org.springframework.test.context.support.DependencyInjectionTestExecutionListener - Performing dependency injection for test context [[DefaultTestContext@63034ed1 testClass = ApiGatewayServiceApplicationTests, testInstance = hermes.api_gateway_service.ApiGatewayServiceApplicationTests@2f6bbeb0, testMethod = [null], testException = [null], mergedContextConfiguration = [ReactiveWebMergedContextConfiguration@232024b9 testClass = ApiGatewayServiceApplicationTests, locations = '{}', classes = '{class hermes.api_gateway_service.ApiGatewayServiceApplication}', contextInitializerClasses = '[]', activeProfiles = '{}', propertySourceLocations = '{}', propertySourceProperties = '{org.springframework.boot.test.context.SpringBootTestContextBootstrapper=true}', contextCustomizers = set[org.springframework.boot.test.autoconfigure.actuate.metrics.MetricsExportContextCustomizerFactory$DisableMetricExportContextCustomizer@3b220bcb, org.springframework.boot.test.autoconfigure.properties.PropertyMappingContextCustomizer@0, org.springframework.boot.test.autoconfigure.web.servlet.WebDriverContextCustomizerFactory$Customizer@1b065145, org.springframework.boot.test.context.filter.ExcludeFilterContextCustomizer@5827af16, org.springframework.boot.test.json.DuplicateJsonObjectContextCustomizerFactory$DuplicateJsonObjectContextCustomizer@f79a760, org.springframework.boot.test.mock.mockito.MockitoContextCustomizer@0, org.springframework.boot.test.web.client.TestRestTemplateContextCustomizer@546ccad7, org.springframework.boot.test.web.reactive.server.WebTestClientContextCustomizer@c260bdc, org.springframework.boot.test.context.SpringBootTestArgs@1, org.springframework.boot.test.context.SpringBootTestWebEnvironment@12299890], contextLoader = 'org.springframework.boot.test.context.SpringBootContextLoader', parent = [null]], attributes = map['org.springframework.test.context.event.ApplicationEventsTestExecutionListener.recordApplicationEvents' -> false]]].

  .   ____          _            __ _ _
 /\\ / ___'_ __ _ _(_)_ __  __ _ \ \ \ \
( ( )\___ | '_ | '_| | '_ \/ _` | \ \ \ \
 \\/  ___)| |_)| | | | | || (_| |  ) ) ) )
  '  |____| .__|_| |_|_| |_\__, | / / / /
 =========|_|==============|___/=/_/_/_/
 :: Spring Boot ::                (v2.7.5)

2022-11-02 14:38:15.139  INFO 13280 --- [    Test worker] c.c.c.ConfigServicePropertySourceLocator : Fetching config from server at : http://k7c105.p.ssafy.io:8888
2022-11-02 14:38:16.287  INFO 13280 --- [    Test worker] c.c.c.ConfigServicePropertySourceLocator : Located environment: name=ecommerce, profiles=[prod], label=null, version=0155058123508cbae0d7627083b612e9f1034285, state=null
2022-11-02 14:38:16.288  INFO 13280 --- [    Test worker] b.c.PropertySourceBootstrapConfiguration : Located property source: [BootstrapPropertySource {name='bootstrapProperties-configClient'}, BootstrapPropertySource {name='bootstrapProperties-https://github.com/seulseul2/spring-cloud-config/ecommerce-prod.yml'}, BootstrapPropertySource {name='bootstrapProperties-https://github.com/seulseul2/spring-cloud-config/ecommerce.yml'}]
2022-11-02 14:38:16.298  INFO 13280 --- [    Test worker] h.a.ApiGatewayServiceApplicationTests    : The following 1 profile is active: "prod"
2022-11-02 14:38:17.182  INFO 13280 --- [    Test worker] o.s.cloud.context.scope.GenericScope     : BeanFactory id=fa44f58e-ae2e-3961-889a-c29f6dbeeca3
2022-11-02 14:38:17.298  INFO 13280 --- [    Test worker] trationDelegate$BeanPostProcessorChecker : Bean 'org.springframework.cloud.client.loadbalancer.reactive.LoadBalancerBeanPostProcessorAutoConfiguration' of type [org.springframework.cloud.client.loadbalancer.reactive.LoadBalancerBeanPostProcessorAutoConfiguration] is not eligible for getting processed by all BeanPostProcessors (for example: not eligible for auto-proxying)
2022-11-02 14:38:17.300  INFO 13280 --- [    Test worker] trationDelegate$BeanPostProcessorChecker : Bean 'org.springframework.cloud.client.loadbalancer.reactive.LoadBalancerBeanPostProcessorAutoConfiguration$ReactorDeferringLoadBalancerFilterConfig' of type [org.springframework.cloud.client.loadbalancer.reactive.LoadBalancerBeanPostProcessorAutoConfiguration$ReactorDeferringLoadBalancerFilterConfig] is not eligible for getting processed by all BeanPostProcessors (for example: not eligible for auto-proxying)
2022-11-02 14:38:17.303  INFO 13280 --- [    Test worker] trationDelegate$BeanPostProcessorChecker : Bean 'reactorDeferringLoadBalancerExchangeFilterFunction' of type [org.springframework.cloud.client.loadbalancer.reactive.DeferringLoadBalancerExchangeFilterFunction] is not eligible for getting processed by all BeanPostProcessors (for example: not eligible for auto-proxying)
2022-11-02 14:38:18.912  INFO 13280 --- [    Test worker] o.s.c.g.r.RouteDefinitionRouteLocator    : Loaded RoutePredicateFactory [After]
2022-11-02 14:38:18.913  INFO 13280 --- [    Test worker] o.s.c.g.r.RouteDefinitionRouteLocator    : Loaded RoutePredicateFactory [Before]
2022-11-02 14:38:18.913  INFO 13280 --- [    Test worker] o.s.c.g.r.RouteDefinitionRouteLocator    : Loaded RoutePredicateFactory [Between]
2022-11-02 14:38:18.913  INFO 13280 --- [    Test worker] o.s.c.g.r.RouteDefinitionRouteLocator    : Loaded RoutePredicateFactory [Cookie]
2022-11-02 14:38:18.913  INFO 13280 --- [    Test worker] o.s.c.g.r.RouteDefinitionRouteLocator    : Loaded RoutePredicateFactory [Header]
2022-11-02 14:38:18.913  INFO 13280 --- [    Test worker] o.s.c.g.r.RouteDefinitionRouteLocator    : Loaded RoutePredicateFactory [Host]
2022-11-02 14:38:18.913  INFO 13280 --- [    Test worker] o.s.c.g.r.RouteDefinitionRouteLocator    : Loaded RoutePredicateFactory [Method]
2022-11-02 14:38:18.913  INFO 13280 --- [    Test worker] o.s.c.g.r.RouteDefinitionRouteLocator    : Loaded RoutePredicateFactory [Path]
2022-11-02 14:38:18.913  INFO 13280 --- [    Test worker] o.s.c.g.r.RouteDefinitionRouteLocator    : Loaded RoutePredicateFactory [Query]
2022-11-02 14:38:18.913  INFO 13280 --- [    Test worker] o.s.c.g.r.RouteDefinitionRouteLocator    : Loaded RoutePredicateFactory [ReadBody]
2022-11-02 14:38:18.913  INFO 13280 --- [    Test worker] o.s.c.g.r.RouteDefinitionRouteLocator    : Loaded RoutePredicateFactory [RemoteAddr]
2022-11-02 14:38:18.913  INFO 13280 --- [    Test worker] o.s.c.g.r.RouteDefinitionRouteLocator    : Loaded RoutePredicateFactory [XForwardedRemoteAddr]
2022-11-02 14:38:18.913  INFO 13280 --- [    Test worker] o.s.c.g.r.RouteDefinitionRouteLocator    : Loaded RoutePredicateFactory [Weight]
2022-11-02 14:38:18.913  INFO 13280 --- [    Test worker] o.s.c.g.r.RouteDefinitionRouteLocator    : Loaded RoutePredicateFactory [CloudFoundryRouteService]
2022-11-02 14:38:20.249  INFO 13280 --- [    Test worker] o.s.b.a.e.web.EndpointLinksResolver      : Exposing 4 endpoint(s) beneath base path '/actuator'
2022-11-02 14:38:20.534  INFO 13280 --- [    Test worker] DiscoveryClientOptionalArgsConfiguration : Eureka HTTP Client uses RestTemplate.
2022-11-02 14:38:20.674  WARN 13280 --- [    Test worker] iguration$LoadBalancerCaffeineWarnLogger : Spring Cloud LoadBalancer is currently working with the default cache. While this cache implementation is useful for development and tests, it's recommended to use Caffeine cache in production.You can switch to using Caffeine cache, by adding it and org.springframework.cache.caffeine.CaffeineCacheManager to the classpath.
2022-11-02 14:38:20.712  INFO 13280 --- [    Test worker] o.s.c.n.eureka.InstanceInfoFactory       : Setting initial instance status as: STARTING
2022-11-02 14:38:20.781  INFO 13280 --- [    Test worker] com.netflix.discovery.DiscoveryClient    : Initializing Eureka in region us-east-1
2022-11-02 14:38:20.788  INFO 13280 --- [    Test worker] c.n.d.s.r.aws.ConfigClusterResolver      : Resolving eureka endpoints via configuration
2022-11-02 14:38:20.814  INFO 13280 --- [    Test worker] com.netflix.discovery.DiscoveryClient    : Disable delta property : false
2022-11-02 14:38:20.814  INFO 13280 --- [    Test worker] com.netflix.discovery.DiscoveryClient    : Single vip registry refresh property : null
2022-11-02 14:38:20.814  INFO 13280 --- [    Test worker] com.netflix.discovery.DiscoveryClient    : Force full registry fetch : false
2022-11-02 14:38:20.814  INFO 13280 --- [    Test worker] com.netflix.discovery.DiscoveryClient    : Application is null : false
2022-11-02 14:38:20.814  INFO 13280 --- [    Test worker] com.netflix.discovery.DiscoveryClient    : Registered Applications size is zero : true
2022-11-02 14:38:20.815  INFO 13280 --- [    Test worker] com.netflix.discovery.DiscoveryClient    : Application version is -1: true
2022-11-02 14:38:20.815  INFO 13280 --- [    Test worker] com.netflix.discovery.DiscoveryClient    : Getting all instance registry info from the eureka server
2022-11-02 14:38:21.144  INFO 13280 --- [    Test worker] com.netflix.discovery.DiscoveryClient    : The response status is 200
2022-11-02 14:38:21.146  INFO 13280 --- [    Test worker] com.netflix.discovery.DiscoveryClient    : Starting heartbeat executor: renew interval is: 30
2022-11-02 14:38:21.149  INFO 13280 --- [    Test worker] c.n.discovery.InstanceInfoReplicator     : InstanceInfoReplicator onDemand update allowed rate per min is 4
2022-11-02 14:38:21.154  INFO 13280 --- [    Test worker] com.netflix.discovery.DiscoveryClient    : Discovery Client initialized at timestamp 1667367501153 with initial instances count: 3
2022-11-02 14:38:21.157  INFO 13280 --- [    Test worker] o.s.c.n.e.s.EurekaServiceRegistry        : Registering application API-GATEWAY-SERVICE with eureka with status UP
2022-11-02 14:38:21.158  INFO 13280 --- [    Test worker] com.netflix.discovery.DiscoveryClient    : Saw local status change event StatusChangeEvent [timestamp=1667367501158, current=UP, previous=STARTING]
2022-11-02 14:38:21.160  INFO 13280 --- [nfoReplicator-0] com.netflix.discovery.DiscoveryClient    : DiscoveryClient_API-GATEWAY-SERVICE/host.docker.internal:api-gateway-service:8000: registering service...
2022-11-02 14:38:21.243  INFO 13280 --- [nfoReplicator-0] com.netflix.discovery.DiscoveryClient    : DiscoveryClient_API-GATEWAY-SERVICE/host.docker.internal:api-gateway-service:8000 - registration status: 204
2022-11-02 14:38:21.290  INFO 13280 --- [    Test worker] h.a.ApiGatewayServiceApplicationTests    : Started ApiGatewayServiceApplicationTests in 7.808 seconds (JVM running for 9.293)
]]></system-out>
  <system-err><![CDATA[]]></system-err>
</testsuite>
